# JRE version: OpenJDK Runtime Environment (11.0.10) (build 11.0.10+0-b96-7249189)
# Java VM: OpenJDK 64-Bit Server VM (11.0.10+0-b96-7249189, mixed mode, tiered, compressed oops, g1 gc, windows-amd64)
Heap:
 garbage-first heap   total 277504K, used 129415K [0x0000000080000000, 0x0000000100000000)
  region size 1024K, 7 young (7168K), 5 survivors (5120K)
 Metaspace       used 125726K, capacity 129604K, committed 129868K, reserved 1161216K
  class space    used 16066K, capacity 17471K, committed 17484K, reserved 1048576K
GC Heap History (20 events):
Event: 105.458 GC heap before
{Heap before GC invocations=50 (full 0):
 garbage-first heap   total 277504K, used 127729K [0x0000000080000000, 0x0000000100000000)
  region size 1024K, 13 young (13312K), 2 survivors (2048K)
 Metaspace       used 103983K, capacity 106621K, committed 106828K, reserved 1140736K
  class space    used 13581K, capacity 14561K, committed 14668K, reserved 1048576K
}
Event: 105.558 GC heap after
{Heap after GC invocations=51 (full 0):
 garbage-first heap   total 277504K, used 112640K [0x0000000080000000, 0x0000000100000000)
  region size 1024K, 2 young (2048K), 2 survivors (2048K)
 Metaspace       used 103983K, capacity 106621K, committed 106828K, reserved 1140736K
  class space    used 13581K, capacity 14561K, committed 14668K, reserved 1048576K
}
Event: 109.826 GC heap before
{Heap before GC invocations=51 (full 0):
 garbage-first heap   total 277504K, used 192512K [0x0000000080000000, 0x0000000100000000)
  region size 1024K, 77 young (78848K), 2 survivors (2048K)
 Metaspace       used 108750K, capacity 111620K, committed 111820K, reserved 1146880K
  class space    used 14139K, capacity 15203K, committed 15308K, reserved 1048576K
}
Event: 109.860 GC heap after
{Heap after GC invocations=52 (full 0):
 garbage-first heap   total 277504K, used 124833K [0x0000000080000000, 0x0000000100000000)
  region size 1024K, 10 young (10240K), 10 survivors (10240K)
 Metaspace       used 108750K, capacity 111620K, committed 111820K, reserved 1146880K
  class space    used 14139K, capacity 15203K, committed 15308K, reserved 1048576K
}
Event: 119.115 GC heap before
{Heap before GC invocations=52 (full 0):
 garbage-first heap   total 277504K, used 225185K [0x0000000080000000, 0x0000000100000000)
  region size 1024K, 83 young (84992K), 10 survivors (10240K)
 Metaspace       used 111000K, capacity 113965K, committed 114124K, reserved 1148928K
  class space    used 14367K, capacity 15501K, committed 15564K, reserved 1048576K
}
Event: 119.138 GC heap after
{Heap after GC invocations=53 (full 0):
 garbage-first heap   total 277504K, used 131726K [0x0000000080000000, 0x0000000100000000)
  region size 1024K, 3 young (3072K), 3 survivors (3072K)
 Metaspace       used 111000K, capacity 113965K, committed 114124K, reserved 1148928K
  class space    used 14367K, capacity 15501K, committed 15564K, reserved 1048576K
}
Event: 316.837 GC heap before
{Heap before GC invocations=54 (full 0):
 garbage-first heap   total 277504K, used 223886K [0x0000000080000000, 0x0000000100000000)
  region size 1024K, 77 young (78848K), 3 survivors (3072K)
 Metaspace       used 113658K, capacity 117111K, committed 117324K, reserved 1150976K
  class space    used 14691K, capacity 15946K, committed 15948K, reserved 1048576K
}
Event: 316.873 GC heap after
{Heap after GC invocations=55 (full 0):
 garbage-first heap   total 277504K, used 150854K [0x0000000080000000, 0x0000000100000000)
  region size 1024K, 10 young (10240K), 10 survivors (10240K)
 Metaspace       used 113658K, capacity 117111K, committed 117324K, reserved 1150976K
  class space    used 14691K, capacity 15946K, committed 15948K, reserved 1048576K
}
Event: 317.064 GC heap before
{Heap before GC invocations=55 (full 0):
 garbage-first heap   total 277504K, used 153926K [0x0000000080000000, 0x0000000100000000)
  region size 1024K, 13 young (13312K), 10 survivors (10240K)
 Metaspace       used 113825K, capacity 117216K, committed 117452K, reserved 1150976K
  class space    used 14732K, capacity 15982K, committed 16076K, reserved 1048576K
}
Event: 317.158 GC heap after
{Heap after GC invocations=56 (full 0):
 garbage-first heap   total 277504K, used 129457K [0x0000000080000000, 0x0000000100000000)
  region size 1024K, 1 young (1024K), 1 survivors (1024K)
 Metaspace       used 113825K, capacity 117216K, committed 117452K, reserved 1150976K
  class space    used 14732K, capacity 15982K, committed 16076K, reserved 1048576K
}
Event: 323.654 GC heap before
{Heap before GC invocations=56 (full 0):
 garbage-first heap   total 277504K, used 206257K [0x0000000080000000, 0x0000000100000000)
  region size 1024K, 76 young (77824K), 1 survivors (1024K)
 Metaspace       used 118208K, capacity 121822K, committed 121932K, reserved 1155072K
  class space    used 15295K, capacity 16614K, committed 16716K, reserved 1048576K
}
Event: 323.681 GC heap after
{Heap after GC invocations=57 (full 0):
 garbage-first heap   total 277504K, used 133175K [0x0000000080000000, 0x0000000100000000)
  region size 1024K, 5 young (5120K), 5 survivors (5120K)
 Metaspace       used 118208K, capacity 121822K, committed 121932K, reserved 1155072K
  class space    used 15295K, capacity 16614K, committed 16716K, reserved 1048576K
}
Event: 324.997 GC heap before
{Heap before GC invocations=57 (full 0):
 garbage-first heap   total 277504K, used 153655K [0x0000000080000000, 0x0000000100000000)
  region size 1024K, 27 young (27648K), 5 survivors (5120K)
 Metaspace       used 120315K, capacity 123858K, committed 124236K, reserved 1157120K
  class space    used 15558K, capacity 16845K, committed 16972K, reserved 1048576K
}
Event: 325.011 GC heap after
{Heap after GC invocations=58 (full 0):
 garbage-first heap   total 277504K, used 134969K [0x0000000080000000, 0x0000000100000000)
  region size 1024K, 7 young (7168K), 7 survivors (7168K)
 Metaspace       used 120315K, capacity 123858K, committed 124236K, reserved 1157120K
  class space    used 15558K, capacity 16845K, committed 16972K, reserved 1048576K
}
Event: 332.173 GC heap before
{Heap before GC invocations=59 (full 0):
 garbage-first heap   total 277504K, used 199481K [0x0000000080000000, 0x0000000100000000)
  region size 1024K, 76 young (77824K), 7 survivors (7168K)
 Metaspace       used 124410K, capacity 128098K, committed 128204K, reserved 1161216K
  class space    used 15928K, capacity 17280K, committed 17356K, reserved 1048576K
}
Event: 332.201 GC heap after
{Heap after GC invocations=60 (full 0):
 garbage-first heap   total 277504K, used 132516K [0x0000000080000000, 0x0000000100000000)
  region size 1024K, 6 young (6144K), 6 survivors (6144K)
 Metaspace       used 124410K, capacity 128098K, committed 128204K, reserved 1161216K
  class space    used 15928K, capacity 17280K, committed 17356K, reserved 1048576K
}
Event: 333.233 GC heap before
{Heap before GC invocations=60 (full 0):
 garbage-first heap   total 277504K, used 139684K [0x0000000080000000, 0x0000000100000000)
  region size 1024K, 13 young (13312K), 6 survivors (6144K)
 Metaspace       used 124766K, capacity 128430K, committed 128588K, reserved 1161216K
  class space    used 15976K, capacity 17347K, committed 17484K, reserved 1048576K
}
Event: 333.252 GC heap after
{Heap after GC invocations=61 (full 0):
 garbage-first heap   total 277504K, used 122662K [0x0000000080000000, 0x0000000100000000)
  region size 1024K, 2 young (2048K), 2 survivors (2048K)
 Metaspace       used 124766K, capacity 128430K, committed 128588K, reserved 1161216K
  class space    used 15976K, capacity 17347K, committed 17484K, reserved 1048576K
}
Event: 714.182 GC heap before
{Heap before GC invocations=61 (full 0):
 garbage-first heap   total 277504K, used 170790K [0x0000000080000000, 0x0000000100000000)
  region size 1024K, 50 young (51200K), 2 survivors (2048K)
 Metaspace       used 125677K, capacity 129528K, committed 129612K, reserved 1161216K
  class space    used 16065K, capacity 17469K, committed 17484K, reserved 1048576K
}
Event: 714.211 GC heap after
{Heap after GC invocations=62 (full 0):
 garbage-first heap   total 277504K, used 126343K [0x0000000080000000, 0x0000000100000000)
  region size 1024K, 5 young (5120K), 5 survivors (5120K)
 Metaspace       used 125677K, capacity 129528K, committed 129612K, reserved 1161216K
  class space    used 16065K, capacity 17469K, committed 17484K, reserved 1048576K
}

