# JRE version: OpenJDK Runtime Environment (11.0.10) (build 11.0.10+0-b96-7249189)
# Java VM: OpenJDK 64-Bit Server VM (11.0.10+0-b96-7249189, mixed mode, tiered, compressed oops, g1 gc, windows-amd64)
Heap:
 garbage-first heap   total 189440K, used 91227K [0x0000000080000000, 0x0000000100000000)
  region size 1024K, 41 young (41984K), 5 survivors (5120K)
 Metaspace       used 75038K, capacity 76793K, committed 77064K, reserved 1116160K
  class space    used 9789K, capacity 10424K, committed 10496K, reserved 1048576K
GC Heap History (20 events):
Event: 2.290 GC heap before
{Heap before GC invocations=2 (full 0):
 garbage-first heap   total 131072K, used 38889K [0x0000000080000000, 0x0000000100000000)
  region size 1024K, 31 young (31744K), 2 survivors (2048K)
 Metaspace       used 10762K, capacity 11003K, committed 11264K, reserved 1058816K
  class space    used 1125K, capacity 1206K, committed 1280K, reserved 1048576K
}
Event: 2.296 GC heap after
{Heap after GC invocations=3 (full 0):
 garbage-first heap   total 131072K, used 11389K [0x0000000080000000, 0x0000000100000000)
  region size 1024K, 4 young (4096K), 4 survivors (4096K)
 Metaspace       used 10762K, capacity 11003K, committed 11264K, reserved 1058816K
  class space    used 1125K, capacity 1206K, committed 1280K, reserved 1048576K
}
Event: 5.162 GC heap before
{Heap before GC invocations=3 (full 0):
 garbage-first heap   total 131072K, used 74877K [0x0000000080000000, 0x0000000100000000)
  region size 1024K, 67 young (68608K), 4 survivors (4096K)
 Metaspace       used 20598K, capacity 21150K, committed 21296K, reserved 1069056K
  class space    used 2513K, capacity 2688K, committed 2688K, reserved 1048576K
}
Event: 5.174 GC heap after
{Heap after GC invocations=4 (full 0):
 garbage-first heap   total 131072K, used 16571K [0x0000000080000000, 0x0000000100000000)
  region size 1024K, 9 young (9216K), 9 survivors (9216K)
 Metaspace       used 20598K, capacity 21150K, committed 21296K, reserved 1069056K
  class space    used 2513K, capacity 2688K, committed 2688K, reserved 1048576K
}
Event: 6.576 GC heap before
{Heap before GC invocations=5 (full 0):
 garbage-first heap   total 131072K, used 85179K [0x0000000080000000, 0x0000000100000000)
  region size 1024K, 76 young (77824K), 9 survivors (9216K)
 Metaspace       used 27067K, capacity 27733K, committed 27824K, reserved 1073152K
  class space    used 3579K, capacity 3825K, committed 3840K, reserved 1048576K
}
Event: 6.601 GC heap after
{Heap after GC invocations=6 (full 0):
 garbage-first heap   total 157696K, used 19133K [0x0000000080000000, 0x0000000100000000)
  region size 1024K, 3 young (3072K), 3 survivors (3072K)
 Metaspace       used 27067K, capacity 27733K, committed 27824K, reserved 1073152K
  class space    used 3579K, capacity 3825K, committed 3840K, reserved 1048576K
}
Event: 8.497 GC heap before
{Heap before GC invocations=6 (full 0):
 garbage-first heap   total 157696K, used 60093K [0x0000000080000000, 0x0000000100000000)
  region size 1024K, 45 young (46080K), 3 survivors (3072K)
 Metaspace       used 34804K, capacity 35606K, committed 35708K, reserved 1081344K
  class space    used 4535K, capacity 4832K, committed 4864K, reserved 1048576K
}
Event: 8.518 GC heap after
{Heap after GC invocations=7 (full 0):
 garbage-first heap   total 157696K, used 22556K [0x0000000080000000, 0x0000000100000000)
  region size 1024K, 6 young (6144K), 6 survivors (6144K)
 Metaspace       used 34804K, capacity 35606K, committed 35708K, reserved 1081344K
  class space    used 4535K, capacity 4832K, committed 4864K, reserved 1048576K
}
Event: 10.767 GC heap before
{Heap before GC invocations=8 (full 0):
 garbage-first heap   total 157696K, used 104476K [0x0000000080000000, 0x0000000100000000)
  region size 1024K, 84 young (86016K), 6 survivors (6144K)
 Metaspace       used 40951K, capacity 41884K, committed 42236K, reserved 1085440K
  class space    used 5295K, capacity 5634K, committed 5760K, reserved 1048576K
}
Event: 10.792 GC heap after
{Heap after GC invocations=9 (full 0):
 garbage-first heap   total 157696K, used 27380K [0x0000000080000000, 0x0000000100000000)
  region size 1024K, 9 young (9216K), 9 survivors (9216K)
 Metaspace       used 40951K, capacity 41884K, committed 42236K, reserved 1085440K
  class space    used 5295K, capacity 5634K, committed 5760K, reserved 1048576K
}
Event: 13.465 GC heap before
{Heap before GC invocations=9 (full 0):
 garbage-first heap   total 157696K, used 107252K [0x0000000080000000, 0x0000000100000000)
  region size 1024K, 87 young (89088K), 9 survivors (9216K)
 Metaspace       used 46964K, capacity 48174K, committed 48380K, reserved 1091584K
  class space    used 5999K, capacity 6427K, committed 6528K, reserved 1048576K
}
Event: 13.488 GC heap after
{Heap after GC invocations=10 (full 0):
 garbage-first heap   total 157696K, used 31077K [0x0000000080000000, 0x0000000100000000)
  region size 1024K, 9 young (9216K), 9 survivors (9216K)
 Metaspace       used 46964K, capacity 48174K, committed 48380K, reserved 1091584K
  class space    used 5999K, capacity 6427K, committed 6528K, reserved 1048576K
}
Event: 16.307 GC heap before
{Heap before GC invocations=10 (full 0):
 garbage-first heap   total 157696K, used 115045K [0x0000000080000000, 0x0000000100000000)
  region size 1024K, 88 young (90112K), 9 survivors (9216K)
 Metaspace       used 56380K, capacity 57766K, committed 57980K, reserved 1099776K
  class space    used 7167K, capacity 7666K, committed 7680K, reserved 1048576K
}
Event: 16.335 GC heap after
{Heap after GC invocations=11 (full 0):
 garbage-first heap   total 189440K, used 42786K [0x0000000080000000, 0x0000000100000000)
  region size 1024K, 11 young (11264K), 11 survivors (11264K)
 Metaspace       used 56380K, capacity 57766K, committed 57980K, reserved 1099776K
  class space    used 7167K, capacity 7666K, committed 7680K, reserved 1048576K
}
Event: 16.715 GC heap before
{Heap before GC invocations=11 (full 0):
 garbage-first heap   total 189440K, used 53026K [0x0000000080000000, 0x0000000100000000)
  region size 1024K, 22 young (22528K), 11 survivors (11264K)
 Metaspace       used 58259K, capacity 59783K, committed 59900K, reserved 1101824K
  class space    used 7404K, capacity 7976K, committed 8064K, reserved 1048576K
}
Event: 16.758 GC heap after
{Heap after GC invocations=12 (full 0):
 garbage-first heap   total 189440K, used 45285K [0x0000000080000000, 0x0000000100000000)
  region size 1024K, 2 young (2048K), 2 survivors (2048K)
 Metaspace       used 58259K, capacity 59783K, committed 59900K, reserved 1101824K
  class space    used 7404K, capacity 7976K, committed 8064K, reserved 1048576K
}
Event: 18.844 GC heap before
{Heap before GC invocations=13 (full 0):
 garbage-first heap   total 189440K, used 114917K [0x0000000080000000, 0x0000000100000000)
  region size 1024K, 70 young (71680K), 2 survivors (2048K)
 Metaspace       used 63336K, capacity 64942K, committed 65032K, reserved 1105920K
  class space    used 8063K, capacity 8679K, committed 8704K, reserved 1048576K
}
Event: 18.876 GC heap after
{Heap after GC invocations=14 (full 0):
 garbage-first heap   total 189440K, used 50405K [0x0000000080000000, 0x0000000100000000)
  region size 1024K, 7 young (7168K), 7 survivors (7168K)
 Metaspace       used 63336K, capacity 64942K, committed 65032K, reserved 1105920K
  class space    used 8063K, capacity 8679K, committed 8704K, reserved 1048576K
}
Event: 21.513 GC heap before
{Heap before GC invocations=15 (full 0):
 garbage-first heap   total 189440K, used 121061K [0x0000000080000000, 0x0000000100000000)
  region size 1024K, 76 young (77824K), 7 survivors (7168K)
 Metaspace       used 70400K, capacity 72174K, committed 72328K, reserved 1112064K
  class space    used 9156K, capacity 9768K, committed 9856K, reserved 1048576K
}
Event: 21.545 GC heap after
{Heap after GC invocations=16 (full 0):
 garbage-first heap   total 189440K, used 55387K [0x0000000080000000, 0x0000000100000000)
  region size 1024K, 5 young (5120K), 5 survivors (5120K)
 Metaspace       used 70400K, capacity 72174K, committed 72328K, reserved 1112064K
  class space    used 9156K, capacity 9768K, committed 9856K, reserved 1048576K
}

